#
# There is insufficient memory for the Java Runtime Environment to continue.
# Native memory allocation (malloc) failed to allocate 391440 bytes for Chunk::new
# Possible reasons:
#   The system is out of physical RAM or swap space
#   The process is running with CompressedOops enabled, and the Java Heap may be blocking the growth of the native heap
# Possible solutions:
#   Reduce memory load on the system
#   Increase physical memory or swap space
#   Check if swap backing store is full
#   Decrease Java heap size (-Xmx/-Xms)
#   Decrease number of Java threads
#   Decrease Java thread stack sizes (-Xss)
#   Set larger code cache with -XX:ReservedCodeCacheSize=
#   JVM is running with Unscaled Compressed Oops mode in which the Java heap is
#     placed in the first 4GB address space. The Java Heap base address is the
#     maximum limit for the native heap growth. Please use -XX:HeapBaseMinAddress
#     to set the Java Heap base and to place the Java Heap above 4GB virtual address.
# This output file may be truncated or incomplete.
#
#  Out of Memory Error (arena.cpp:191), pid=1232, tid=13608
#
# JRE version: OpenJDK Runtime Environment Corretto-17.0.10.7.1 (17.0.10+7) (build 17.0.10+7-LTS)
# Java VM: OpenJDK 64-Bit Server VM Corretto-17.0.10.7.1 (17.0.10+7-LTS, mixed mode, sharing, tiered, compressed oops, compressed class ptrs, g1 gc, windows-amd64)
# No core dump will be written. Minidumps are not enabled by default on client versions of Windows
#

---------------  S U M M A R Y ------------

Command Line: C:\Users\Dell\AppData\Local\Temp\surefire7595136397546790076\surefirebooter-20240707205350095_3.jar C:\Users\Dell\AppData\Local\Temp\surefire7595136397546790076 2024-07-07T20-53-44_287-jvmRun1 surefire-20240707205350095_1tmp surefire_0-20240707205350095_2tmp

Host: Intel(R) Core(TM) i3-4005U CPU @ 1.70GHz, 4 cores, 3G,  Windows 10 , 64 bit Build 19041 (10.0.19041.3636)
Time: Sun Jul  7 20:54:37 2024 India Standard Time elapsed time: 36.852122 seconds (0d 0h 0m 36s)

---------------  T H R E A D  ---------------

Current thread (0x000001781e130860):  JavaThread "C2 CompilerThread0" daemon [_thread_in_native, id=13608, stack(0x0000002b0cd00000,0x0000002b0ce00000)]


Current CompileTask:
C2:  36852 2135       4       jdk.internal.loader.URLClassPath$JarLoader::findResource (18 bytes)

Stack: [0x0000002b0cd00000,0x0000002b0ce00000]
Native frames: (J=compiled Java code, j=interpreted, Vv=VM code, C=native code)
V  [jvm.dll+0x67d2c9]
V  [jvm.dll+0x834b1a]
V  [jvm.dll+0x8365de]
V  [jvm.dll+0x836c43]
V  [jvm.dll+0x2477ff]
V  [jvm.dll+0xac514]
V  [jvm.dll+0xacb5c]
V  [jvm.dll+0x3667d7]
V  [jvm.dll+0x330bfa]
V  [jvm.dll+0x33009a]
V  [jvm.dll+0x219ef1]
V  [jvm.dll+0x219311]
V  [jvm.dll+0x1a502d]
V  [jvm.dll+0x2290de]
V  [jvm.dll+0x2272ac]
V  [jvm.dll+0x7e9bd7]
V  [jvm.dll+0x7e3fda]
V  [jvm.dll+0x67c1b5]
C  [ucrtbase.dll+0x21bb2]
C  [KERNEL32.DLL+0x17344]
C  [ntdll.dll+0x526b1]


---------------  P R O C E S S  ---------------

Threads class SMR info:
_java_thread_list=0x000001781e2acaf0, length=14, elements={
0x00000177c1b3b160, 0x00000177c1bf40c0, 0x00000177c1bf4e50, 0x000001781e12bf30,
0x000001781e12c900, 0x000001781e12f2e0, 0x000001781e12fbb0, 0x000001781e130860,
0x000001781e134240, 0x000001781e1ade90, 0x000001781e270860, 0x000001781e2715a0,
0x000001781e854f30, 0x000001781e865970
}

Java Threads: ( => current thread )
  0x00000177c1b3b160 JavaThread "main" [_thread_in_Java, id=7508, stack(0x0000002b0c000000,0x0000002b0c100000)]
  0x00000177c1bf40c0 JavaThread "Reference Handler" daemon [_thread_blocked, id=10512, stack(0x0000002b0c700000,0x0000002b0c800000)]
  0x00000177c1bf4e50 JavaThread "Finalizer" daemon [_thread_blocked, id=13752, stack(0x0000002b0c800000,0x0000002b0c900000)]
  0x000001781e12bf30 JavaThread "Signal Dispatcher" daemon [_thread_blocked, id=8160, stack(0x0000002b0c900000,0x0000002b0ca00000)]
  0x000001781e12c900 JavaThread "Attach Listener" daemon [_thread_blocked, id=1376, stack(0x0000002b0ca00000,0x0000002b0cb00000)]
  0x000001781e12f2e0 JavaThread "Service Thread" daemon [_thread_blocked, id=4596, stack(0x0000002b0cb00000,0x0000002b0cc00000)]
  0x000001781e12fbb0 JavaThread "Monitor Deflation Thread" daemon [_thread_blocked, id=4996, stack(0x0000002b0cc00000,0x0000002b0cd00000)]
=>0x000001781e130860 JavaThread "C2 CompilerThread0" daemon [_thread_in_native, id=13608, stack(0x0000002b0cd00000,0x0000002b0ce00000)]
  0x000001781e134240 JavaThread "C1 CompilerThread0" daemon [_thread_blocked, id=13228, stack(0x0000002b0ce00000,0x0000002b0cf00000)]
  0x000001781e1ade90 JavaThread "Sweeper thread" daemon [_thread_blocked, id=9716, stack(0x0000002b0cf00000,0x0000002b0d000000)]
  0x000001781e270860 JavaThread "Notification Thread" daemon [_thread_blocked, id=3840, stack(0x0000002b0d000000,0x0000002b0d100000)]
  0x000001781e2715a0 JavaThread "Common-Cleaner" daemon [_thread_blocked, id=12648, stack(0x0000002b0d200000,0x0000002b0d300000)]
  0x000001781e854f30 JavaThread "surefire-forkedjvm-stream-flusher" daemon [_thread_blocked, id=1244, stack(0x0000002b0d300000,0x0000002b0d400000)]
  0x000001781e865970 JavaThread "surefire-forkedjvm-command-thread" daemon [_thread_in_native, id=6312, stack(0x0000002b0d400000,0x0000002b0d500000)]

Other Threads:
  0x00000177c1bf0550 VMThread "VM Thread" [stack: 0x0000002b0c600000,0x0000002b0c700000] [id=3392]
  0x000001781e271150 WatcherThread [stack: 0x0000002b0d100000,0x0000002b0d200000] [id=6864]
  0x00000177c1b767c0 GCTaskThread "GC Thread#0" [stack: 0x0000002b0c100000,0x0000002b0c200000] [id=11656]
  0x000001781e978ef0 GCTaskThread "GC Thread#1" [stack: 0x0000002b0d500000,0x0000002b0d600000] [id=7840]
  0x000001781e4ab140 GCTaskThread "GC Thread#2" [stack: 0x0000002b0d600000,0x0000002b0d700000] [id=3324]
  0x000001781e4ab400 GCTaskThread "GC Thread#3" [stack: 0x0000002b0d700000,0x0000002b0d800000] [id=3724]
  0x00000177c1b80330 ConcurrentGCThread "G1 Main Marker" [stack: 0x0000002b0c200000,0x0000002b0c300000] [id=11588]
  0x00000177c1b80c60 ConcurrentGCThread "G1 Conc#0" [stack: 0x0000002b0c300000,0x0000002b0c400000] [id=2288]
  0x00000177c1bce500 ConcurrentGCThread "G1 Refine#0" [stack: 0x0000002b0c400000,0x0000002b0c500000] [id=8612]
  0x00000177c1bcee40 ConcurrentGCThread "G1 Service" [stack: 0x0000002b0c500000,0x0000002b0c600000] [id=1856]

Threads with active compile tasks:
C2 CompilerThread0    38752 2135       4       jdk.internal.loader.URLClassPath$JarLoader::findResource (18 bytes)

VM state: not at safepoint (normal execution)

VM Mutex/Monitor currently owned by a thread: None

Heap address: 0x00000000c1800000, size: 1000 MB, Compressed Oops mode: 32-bit

CDS archive(s) mapped at: [0x00000177dd000000-0x00000177ddbb0000-0x00000177ddbb0000), size 12255232, SharedBaseAddress: 0x00000177dd000000, ArchiveRelocationMode: 1.
Compressed class space mapped at: 0x00000177de000000-0x000001781e000000, reserved size: 1073741824
Narrow klass base: 0x00000177dd000000, Narrow klass shift: 0, Narrow klass range: 0x100000000

GC Precious Log:
 CPUs: 4 total, 4 available
 Memory: 3999M
 Large Page Support: Disabled
 NUMA Support: Disabled
 Compressed Oops: Enabled (32-bit)
 Heap Region Size: 1M
 Heap Min Capacity: 8M
 Heap Initial Capacity: 64M
 Heap Max Capacity: 1000M
 Pre-touch: Disabled
 Parallel Workers: 4
 Concurrent Workers: 1
 Concurrent Refinement Workers: 4
 Periodic GC: Disabled

Heap:
 garbage-first heap   total 65536K, used 34073K [0x00000000c1800000, 0x0000000100000000)
  region size 1024K, 27 young (27648K), 3 survivors (3072K)
 Metaspace       used 14137K, committed 14400K, reserved 1114112K
  class space    used 1857K, committed 1984K, reserved 1048576K

Heap Regions: E=young(eden), S=young(survivor), O=old, HS=humongous(starts), HC=humongous(continues), CS=collection set, F=free, OA=open archive, CA=closed archive, TAMS=top-at-mark-start (previous, next)
|   0|0x00000000c1800000, 0x00000000c1900000, 0x00000000c1900000|100%| O|  |TAMS 0x00000000c1800000, 0x00000000c1800000| Untracked 
|   1|0x00000000c1900000, 0x00000000c1a00000, 0x00000000c1a00000|100%| O|  |TAMS 0x00000000c1900000, 0x00000000c1900000| Untracked 
|   2|0x00000000c1a00000, 0x00000000c1b00000, 0x00000000c1b00000|100%| O|  |TAMS 0x00000000c1a00000, 0x00000000c1a00000| Untracked 
|   3|0x00000000c1b00000, 0x00000000c1c00000, 0x00000000c1c00000|100%| O|  |TAMS 0x00000000c1b00000, 0x00000000c1b00000| Untracked 
|   4|0x00000000c1c00000, 0x00000000c1d00000, 0x00000000c1d00000|100%| O|  |TAMS 0x00000000c1c00000, 0x00000000c1c00000| Untracked 
|   5|0x00000000c1d00000, 0x00000000c1e00000, 0x00000000c1e00000|100%| O|  |TAMS 0x00000000c1d00000, 0x00000000c1d00000| Untracked 
|   6|0x00000000c1e00000, 0x00000000c1f00000, 0x00000000c1f00000|100%| O|  |TAMS 0x00000000c1e00000, 0x00000000c1e00000| Untracked 
|   7|0x00000000c1f00000, 0x00000000c2000000, 0x00000000c2000000|100%| O|  |TAMS 0x00000000c1f00000, 0x00000000c1f00000| Untracked 
|   8|0x00000000c2000000, 0x00000000c2034e00, 0x00000000c2100000| 20%| O|  |TAMS 0x00000000c2000000, 0x00000000c2000000| Untracked 
|   9|0x00000000c2100000, 0x00000000c2100000, 0x00000000c2200000|  0%| F|  |TAMS 0x00000000c2100000, 0x00000000c2100000| Untracked 
|  10|0x00000000c2200000, 0x00000000c2200000, 0x00000000c2300000|  0%| F|  |TAMS 0x00000000c2200000, 0x00000000c2200000| Untracked 
|  11|0x00000000c2300000, 0x00000000c2300000, 0x00000000c2400000|  0%| F|  |TAMS 0x00000000c2300000, 0x00000000c2300000| Untracked 
|  12|0x00000000c2400000, 0x00000000c2400000, 0x00000000c2500000|  0%| F|  |TAMS 0x00000000c2400000, 0x00000000c2400000| Untracked 
|  13|0x00000000c2500000, 0x00000000c2500000, 0x00000000c2600000|  0%| F|  |TAMS 0x00000000c2500000, 0x00000000c2500000| Untracked 
|  14|0x00000000c2600000, 0x00000000c2600000, 0x00000000c2700000|  0%| F|  |TAMS 0x00000000c2600000, 0x00000000c2600000| Untracked 
|  15|0x00000000c2700000, 0x00000000c2700000, 0x00000000c2800000|  0%| F|  |TAMS 0x00000000c2700000, 0x00000000c2700000| Untracked 
|  16|0x00000000c2800000, 0x00000000c2800000, 0x00000000c2900000|  0%| F|  |TAMS 0x00000000c2800000, 0x00000000c2800000| Untracked 
|  17|0x00000000c2900000, 0x00000000c2900000, 0x00000000c2a00000|  0%| F|  |TAMS 0x00000000c2900000, 0x00000000c2900000| Untracked 
|  18|0x00000000c2a00000, 0x00000000c2a00000, 0x00000000c2b00000|  0%| F|  |TAMS 0x00000000c2a00000, 0x00000000c2a00000| Untracked 
|  19|0x00000000c2b00000, 0x00000000c2b00000, 0x00000000c2c00000|  0%| F|  |TAMS 0x00000000c2b00000, 0x00000000c2b00000| Untracked 
|  20|0x00000000c2c00000, 0x00000000c2c00000, 0x00000000c2d00000|  0%| F|  |TAMS 0x00000000c2c00000, 0x00000000c2c00000| Untracked 
|  21|0x00000000c2d00000, 0x00000000c2d00000, 0x00000000c2e00000|  0%| F|  |TAMS 0x00000000c2d00000, 0x00000000c2d00000| Untracked 
|  22|0x00000000c2e00000, 0x00000000c2e00000, 0x00000000c2f00000|  0%| F|  |TAMS 0x00000000c2e00000, 0x00000000c2e00000| Untracked 
|  23|0x00000000c2f00000, 0x00000000c2f00000, 0x00000000c3000000|  0%| F|  |TAMS 0x00000000c2f00000, 0x00000000c2f00000| Untracked 
|  24|0x00000000c3000000, 0x00000000c3000000, 0x00000000c3100000|  0%| F|  |TAMS 0x00000000c3000000, 0x00000000c3000000| Untracked 
|  25|0x00000000c3100000, 0x00000000c3100000, 0x00000000c3200000|  0%| F|  |TAMS 0x00000000c3100000, 0x00000000c3100000| Untracked 
|  26|0x00000000c3200000, 0x00000000c3200000, 0x00000000c3300000|  0%| F|  |TAMS 0x00000000c3200000, 0x00000000c3200000| Untracked 
|  27|0x00000000c3300000, 0x00000000c3300000, 0x00000000c3400000|  0%| F|  |TAMS 0x00000000c3300000, 0x00000000c3300000| Untracked 
|  28|0x00000000c3400000, 0x00000000c3400000, 0x00000000c3500000|  0%| F|  |TAMS 0x00000000c3400000, 0x00000000c3400000| Untracked 
|  29|0x00000000c3500000, 0x00000000c3500000, 0x00000000c3600000|  0%| F|  |TAMS 0x00000000c3500000, 0x00000000c3500000| Untracked 
|  30|0x00000000c3600000, 0x00000000c3600000, 0x00000000c3700000|  0%| F|  |TAMS 0x00000000c3600000, 0x00000000c3600000| Untracked 
|  31|0x00000000c3700000, 0x00000000c3700000, 0x00000000c3800000|  0%| F|  |TAMS 0x00000000c3700000, 0x00000000c3700000| Untracked 
|  32|0x00000000c3800000, 0x00000000c3800000, 0x00000000c3900000|  0%| F|  |TAMS 0x00000000c3800000, 0x00000000c3800000| Untracked 
|  33|0x00000000c3900000, 0x00000000c3900000, 0x00000000c3a00000|  0%| F|  |TAMS 0x00000000c3900000, 0x00000000c3900000| Untracked 
|  34|0x00000000c3a00000, 0x00000000c3a00000, 0x00000000c3b00000|  0%| F|  |TAMS 0x00000000c3a00000, 0x00000000c3a00000| Untracked 
|  35|0x00000000c3b00000, 0x00000000c3b00000, 0x00000000c3c00000|  0%| F|  |TAMS 0x00000000c3b00000, 0x00000000c3b00000| Untracked 
|  36|0x00000000c3c00000, 0x00000000c3c00000, 0x00000000c3d00000|  0%| F|  |TAMS 0x00000000c3c00000, 0x00000000c3c00000| Untracked 
|  37|0x00000000c3d00000, 0x00000000c3d80800, 0x00000000c3e00000| 50%| E|  |TAMS 0x00000000c3d00000, 0x00000000c3d00000| Complete 
|  38|0x00000000c3e00000, 0x00000000c3f00000, 0x00000000c3f00000|100%| E|CS|TAMS 0x00000000c3e00000, 0x00000000c3e00000| Complete 
|  39|0x00000000c3f00000, 0x00000000c4000000, 0x00000000c4000000|100%| E|CS|TAMS 0x00000000c3f00000, 0x00000000c3f00000| Complete 
|  40|0x00000000c4000000, 0x00000000c4100000, 0x00000000c4100000|100%| E|CS|TAMS 0x00000000c4000000, 0x00000000c4000000| Complete 
|  41|0x00000000c4100000, 0x00000000c4200000, 0x00000000c4200000|100%| E|CS|TAMS 0x00000000c4100000, 0x00000000c4100000| Complete 
|  42|0x00000000c4200000, 0x00000000c4300000, 0x00000000c4300000|100%| E|CS|TAMS 0x00000000c4200000, 0x00000000c4200000| Complete 
|  43|0x00000000c4300000, 0x00000000c4311880, 0x00000000c4400000|  6%| S|CS|TAMS 0x00000000c4300000, 0x00000000c4300000| Complete 
|  44|0x00000000c4400000, 0x00000000c4500000, 0x00000000c4500000|100%| S|CS|TAMS 0x00000000c4400000, 0x00000000c4400000| Complete 
|  45|0x00000000c4500000, 0x00000000c4600000, 0x00000000c4600000|100%| S|CS|TAMS 0x00000000c4500000, 0x00000000c4500000| Complete 
|  46|0x00000000c4600000, 0x00000000c4700000, 0x00000000c4700000|100%| E|CS|TAMS 0x00000000c4600000, 0x00000000c4600000| Complete 
|  47|0x00000000c4700000, 0x00000000c4800000, 0x00000000c4800000|100%| E|CS|TAMS 0x00000000c4700000, 0x00000000c4700000| Complete 
|  48|0x00000000c4800000, 0x00000000c4900000, 0x00000000c4900000|100%| E|CS|TAMS 0x00000000c4800000, 0x00000000c4800000| Complete 
|  49|0x00000000c4900000, 0x00000000c4a00000, 0x00000000c4a00000|100%| E|CS|TAMS 0x00000000c4900000, 0x00000000c4900000| Complete 
|  50|0x00000000c4a00000, 0x00000000c4b00000, 0x00000000c4b00000|100%| E|CS|TAMS 0x00000000c4a00000, 0x00000000c4a00000| Complete 
|  51|0x00000000c4b00000, 0x00000000c4c00000, 0x00000000c4c00000|100%| E|CS|TAMS 0x00000000c4b00000, 0x00000000c4b00000| Complete 
|  52|0x00000000c4c00000, 0x00000000c4d00000, 0x00000000c4d00000|100%| E|CS|TAMS 0x00000000c4c00000, 0x00000000c4c00000| Complete 
|  53|0x00000000c4d00000, 0x00000000c4e00000, 0x00000000c4e00000|100%| E|CS|TAMS 0x00000000c4d00000, 0x00000000c4d00000| Complete 
|  54|0x00000000c4e00000, 0x00000000c4f00000, 0x00000000c4f00000|100%| E|CS|TAMS 0x00000000c4e00000, 0x00000000c4e00000| Complete 
|  55|0x00000000c4f00000, 0x00000000c5000000, 0x00000000c5000000|100%| E|CS|TAMS 0x00000000c4f00000, 0x00000000c4f00000| Complete 
|  56|0x00000000c5000000, 0x00000000c5100000, 0x00000000c5100000|100%| E|CS|TAMS 0x00000000c5000000, 0x00000000c5000000| Complete 
|  57|0x00000000c5100000, 0x00000000c5200000, 0x00000000c5200000|100%| E|CS|TAMS 0x00000000c5100000, 0x00000000c5100000| Complete 
|  58|0x00000000c5200000, 0x00000000c5300000, 0x00000000c5300000|100%| E|CS|TAMS 0x00000000c5200000, 0x00000000c5200000| Complete 
|  59|0x00000000c5300000, 0x00000000c5400000, 0x00000000c5400000|100%| E|CS|TAMS 0x00000000c5300000, 0x00000000c5300000| Complete 
|  60|0x00000000c5400000, 0x00000000c5500000, 0x00000000c5500000|100%| E|CS|TAMS 0x00000000c5400000, 0x00000000c5400000| Complete 
|  61|0x00000000c5500000, 0x00000000c5600000, 0x00000000c5600000|100%| E|CS|TAMS 0x00000000c5500000, 0x00000000c5500000| Complete 
|  62|0x00000000c5600000, 0x00000000c5700000, 0x00000000c5700000|100%| E|CS|TAMS 0x00000000c5600000, 0x00000000c5600000| Complete 
|  63|0x00000000c5700000, 0x00000000c5800000, 0x00000000c5800000|100%| E|CS|TAMS 0x00000000c5700000, 0x00000000c5700000| Complete 

Card table byte_map: [0x00000177d8860000,0x00000177d8a60000] _byte_map_base: 0x00000177d8254000

Marking Bits (Prev, Next): (CMBitMap*) 0x00000177c1b77d00, (CMBitMap*) 0x00000177c1b77d40
 Prev Bits: [0x00000177d8c60000, 0x00000177d9c00000)
 Next Bits: [0x00000177d9c00000, 0x00000177daba0000)

Polling page: 0x00000177bf870000

Metaspace:

Usage:
  Non-class:     11.99 MB used.
      Class:      1.81 MB used.
       Both:     13.81 MB used.

Virtual space:
  Non-class space:       64.00 MB reserved,      12.12 MB ( 19%) committed,  1 nodes.
      Class space:        1.00 GB reserved,       1.94 MB ( <1%) committed,  1 nodes.
             Both:        1.06 GB reserved,      14.06 MB (  1%) committed. 

Chunk freelists:
   Non-Class:  3.17 MB
       Class:  14.05 MB
        Both:  17.22 MB

MaxMetaspaceSize: unlimited
CompressedClassSpaceSize: 1.00 GB
Initial GC threshold: 21.00 MB
Current GC threshold: 21.00 MB
CDS: on
MetaspaceReclaimPolicy: balanced
 - commit_granule_bytes: 65536.
 - commit_granule_words: 8192.
 - virtual_space_node_default_size: 8388608.
 - enlarge_chunks_in_place: 1.
 - new_chunks_are_fully_committed: 0.
 - uncommit_free_chunks: 1.
 - use_allocation_guard: 0.
 - handle_deallocations: 1.


Internal statistics:

num_allocs_failed_limit: 0.
num_arena_births: 230.
num_arena_deaths: 0.
num_vsnodes_births: 2.
num_vsnodes_deaths: 0.
num_space_committed: 225.
num_space_uncommitted: 0.
num_chunks_returned_to_freelist: 0.
num_chunks_taken_from_freelist: 724.
num_chunk_merges: 0.
num_chunk_splits: 455.
num_chunks_enlarged: 324.
num_inconsistent_stats: 0.

CodeHeap 'non-profiled nmethods': size=120000Kb used=934Kb max_used=934Kb free=119065Kb
 bounds [0x00000177d1130000, 0x00000177d13a0000, 0x00000177d8660000]
CodeHeap 'profiled nmethods': size=120000Kb used=4412Kb max_used=4412Kb free=115587Kb
 bounds [0x00000177c9660000, 0x00000177c9ab0000, 0x00000177d0b90000]
CodeHeap 'non-nmethods': size=5760Kb used=1186Kb max_used=1224Kb free=4573Kb
 bounds [0x00000177d0b90000, 0x00000177d0e00000, 0x00000177d1130000]
 total_blobs=2659 nmethods=2170 adapters=401
 compilation: enabled
              stopped_count=0, restarted_count=0
 full_count=0

Compilation events (20 events):
Event: 36.318 Thread 0x000001781e130860 nmethod 2109 0x00000177d1217c90 code [0x00000177d1217e20, 0x00000177d1217f38]
Event: 36.338 Thread 0x000001781e134240 2131       3       java.util.concurrent.locks.LockSupport::setBlocker (12 bytes)
Event: 36.339 Thread 0x000001781e134240 nmethod 2131 0x00000177c9a93f90 code [0x00000177c9a94140, 0x00000177c9a94348]
Event: 36.339 Thread 0x000001781e134240 2132       3       jdk.internal.misc.Unsafe::putReferenceOpaque (9 bytes)
Event: 36.339 Thread 0x000001781e134240 nmethod 2132 0x00000177c9a94410 code [0x00000177c9a945a0, 0x00000177c9a946f8]
Event: 36.339 Thread 0x000001781e134240 2133       3       java.util.concurrent.locks.AbstractQueuedSynchronizer$ConditionObject::canReacquire (28 bytes)
Event: 36.340 Thread 0x000001781e134240 nmethod 2133 0x00000177c9a94790 code [0x00000177c9a94940, 0x00000177c9a94c98]
Event: 36.385 Thread 0x000001781e130860 2134       4       jdk.internal.jimage.ImageLocation::readValue (61 bytes)
Event: 36.391 Thread 0x000001781e134240 2136       3       jdk.internal.loader.BuiltinClassLoader::hasClassPath (13 bytes)
Event: 36.392 Thread 0x000001781e134240 nmethod 2136 0x00000177c9a94e10 code [0x00000177c9a94fa0, 0x00000177c9a95118]
Event: 36.404 Thread 0x000001781e134240 2137       3       java.util.stream.SpinedBuffer::ensureCapacity (138 bytes)
Event: 36.407 Thread 0x000001781e134240 nmethod 2137 0x00000177c9a95190 code [0x00000177c9a953e0, 0x00000177c9a96348]
Event: 36.407 Thread 0x000001781e134240 2138   !   3       org.springframework.boot.context.properties.source.SpringConfigurationPropertySource::getConfigurationProperty (119 bytes)
Event: 36.410 Thread 0x000001781e134240 nmethod 2138 0x00000177c9a96810 code [0x00000177c9a96a60, 0x00000177c9a97438]
Event: 36.410 Thread 0x000001781e134240 2139       3       org.springframework.boot.context.properties.source.DefaultPropertyMapper::map (53 bytes)
Event: 36.412 Thread 0x000001781e134240 nmethod 2139 0x00000177c9a97890 code [0x00000177c9a97ac0, 0x00000177c9a98498]
Event: 36.412 Thread 0x000001781e134240 2140       3       java.util.LinkedHashMap$LinkedValues::toArray (16 bytes)
Event: 36.413 Thread 0x000001781e134240 nmethod 2140 0x00000177c9a98810 code [0x00000177c9a989c0, 0x00000177c9a98b38]
Event: 36.506 Thread 0x000001781e130860 nmethod 2134 0x00000177d1218010 code [0x00000177d12181a0, 0x00000177d1218478]
Event: 36.507 Thread 0x000001781e130860 2135       4       jdk.internal.loader.URLClassPath$JarLoader::findResource (18 bytes)

GC Heap History (6 events):
Event: 14.941 GC heap before
{Heap before GC invocations=0 (full 0):
 garbage-first heap   total 65536K, used 12288K [0x00000000c1800000, 0x0000000100000000)
  region size 1024K, 13 young (13312K), 0 survivors (0K)
 Metaspace       used 2063K, committed 2240K, reserved 1114112K
  class space    used 183K, committed 256K, reserved 1048576K
}
Event: 15.041 GC heap after
{Heap after GC invocations=1 (full 0):
 garbage-first heap   total 65536K, used 8314K [0x00000000c1800000, 0x0000000100000000)
  region size 1024K, 2 young (2048K), 2 survivors (2048K)
 Metaspace       used 2063K, committed 2240K, reserved 1114112K
  class space    used 183K, committed 256K, reserved 1048576K
}
Event: 18.798 GC heap before
{Heap before GC invocations=1 (full 0):
 garbage-first heap   total 65536K, used 16506K [0x00000000c1800000, 0x0000000100000000)
  region size 1024K, 10 young (10240K), 2 survivors (2048K)
 Metaspace       used 4023K, committed 4224K, reserved 1114112K
  class space    used 442K, committed 576K, reserved 1048576K
}
Event: 18.814 GC heap after
{Heap after GC invocations=2 (full 0):
 garbage-first heap   total 65536K, used 9215K [0x00000000c1800000, 0x0000000100000000)
  region size 1024K, 1 young (1024K), 1 survivors (1024K)
 Metaspace       used 4023K, committed 4224K, reserved 1114112K
  class space    used 442K, committed 576K, reserved 1048576K
}
Event: 26.868 GC heap before
{Heap before GC invocations=2 (full 0):
 garbage-first heap   total 65536K, used 25599K [0x00000000c1800000, 0x0000000100000000)
  region size 1024K, 18 young (18432K), 1 survivors (1024K)
 Metaspace       used 8817K, committed 9024K, reserved 1114112K
  class space    used 1085K, committed 1216K, reserved 1048576K
}
Event: 26.892 GC heap after
{Heap after GC invocations=3 (full 0):
 garbage-first heap   total 65536K, used 10521K [0x00000000c1800000, 0x0000000100000000)
  region size 1024K, 3 young (3072K), 3 survivors (3072K)
 Metaspace       used 8817K, committed 9024K, reserved 1114112K
  class space    used 1085K, committed 1216K, reserved 1048576K
}

Dll operation events (8 events):
Event: 2.517 Loaded shared library C:\Users\Dell\.jdks\corretto-17.0.10\bin\java.dll
Event: 3.783 Loaded shared library C:\Users\Dell\.jdks\corretto-17.0.10\bin\jsvml.dll
Event: 4.570 Loaded shared library C:\Users\Dell\.jdks\corretto-17.0.10\bin\net.dll
Event: 4.611 Loaded shared library C:\Users\Dell\.jdks\corretto-17.0.10\bin\nio.dll
Event: 4.862 Loaded shared library C:\Users\Dell\.jdks\corretto-17.0.10\bin\zip.dll
Event: 6.467 Loaded shared library C:\Users\Dell\.jdks\corretto-17.0.10\bin\management.dll
Event: 6.572 Loaded shared library C:\Users\Dell\.jdks\corretto-17.0.10\bin\management_ext.dll
Event: 7.043 Loaded shared library C:\Users\Dell\.jdks\corretto-17.0.10\bin\jimage.dll

Deoptimization events (20 events):
Event: 32.951 Thread 0x00000177c1b3b160 DEOPT PACKING pc=0x00000177d11f5b2c sp=0x0000002b0c0fb790
Event: 32.951 Thread 0x00000177c1b3b160 DEOPT UNPACKING pc=0x00000177d0be69a3 sp=0x0000002b0c0fb728 mode 2
Event: 33.026 Thread 0x00000177c1b3b160 Uncommon trap: trap_request=0xffffff45 fr.pc=0x00000177d11ca1f0 relative=0x00000000000002d0
Event: 33.027 Thread 0x00000177c1b3b160 Uncommon trap: reason=unstable_if action=reinterpret pc=0x00000177d11ca1f0 method=java.lang.String.indexOf([BBILjava/lang/String;I)I @ 21 c2
Event: 33.027 Thread 0x00000177c1b3b160 DEOPT PACKING pc=0x00000177d11ca1f0 sp=0x0000002b0c0fb830
Event: 33.027 Thread 0x00000177c1b3b160 DEOPT UNPACKING pc=0x00000177d0be69a3 sp=0x0000002b0c0fb740 mode 2
Event: 33.027 Thread 0x00000177c1b3b160 Uncommon trap: trap_request=0xffffff45 fr.pc=0x00000177d11ca93c relative=0x000000000000029c
Event: 33.027 Thread 0x00000177c1b3b160 Uncommon trap: reason=unstable_if action=reinterpret pc=0x00000177d11ca93c method=java.lang.String.indexOf([BBILjava/lang/String;I)I @ 21 c2
Event: 33.028 Thread 0x00000177c1b3b160 DEOPT PACKING pc=0x00000177d11ca93c sp=0x0000002b0c0fb7b0
Event: 33.028 Thread 0x00000177c1b3b160 DEOPT UNPACKING pc=0x00000177d0be69a3 sp=0x0000002b0c0fb740 mode 2
Event: 33.678 Thread 0x00000177c1b3b160 Uncommon trap: trap_request=0xffffff45 fr.pc=0x00000177d1170a78 relative=0x0000000000000798
Event: 33.678 Thread 0x00000177c1b3b160 Uncommon trap: reason=unstable_if action=reinterpret pc=0x00000177d1170a78 method=java.util.jar.JarFile.getEntry(Ljava/lang/String;)Ljava/util/zip/ZipEntry; @ 15 c2
Event: 33.678 Thread 0x00000177c1b3b160 DEOPT PACKING pc=0x00000177d1170a78 sp=0x0000002b0c0fa2a0
Event: 33.678 Thread 0x00000177c1b3b160 DEOPT UNPACKING pc=0x00000177d0be69a3 sp=0x0000002b0c0fa2b8 mode 2
Event: 34.825 Thread 0x00000177c1b3b160 Uncommon trap: trap_request=0xffffff45 fr.pc=0x00000177d117faf8 relative=0x00000000000003d8
Event: 34.826 Thread 0x00000177c1b3b160 Uncommon trap: reason=unstable_if action=reinterpret pc=0x00000177d117faf8 method=java.lang.StringBuilder.toString()Ljava/lang/String; @ 4 c2
Event: 34.828 Thread 0x00000177c1b3b160 DEOPT PACKING pc=0x00000177d117faf8 sp=0x0000002b0c0faa30
Event: 34.829 Thread 0x00000177c1b3b160 DEOPT UNPACKING pc=0x00000177d0be69a3 sp=0x0000002b0c0faa10 mode 2
Event: 35.162 Thread 0x00000177c1b3b160 DEOPT PACKING pc=0x00000177c99a417d sp=0x0000002b0c0f7210
Event: 35.165 Thread 0x00000177c1b3b160 DEOPT UNPACKING pc=0x00000177d0be7143 sp=0x0000002b0c0f6698 mode 0

Classes unloaded (0 events):
No events

Classes redefined (0 events):
No events

Internal exceptions (20 events):
Event: 30.521 Thread 0x00000177c1b3b160 Implicit null exception at 0x00000177d117b4aa to 0x00000177d117b728
Event: 30.762 Thread 0x00000177c1b3b160 Exception <a 'java/lang/reflect/InvocationTargetException'{0x00000000c4fd80d0}> (0x00000000c4fd80d0) 
thrown [s\src\hotspot\share\runtime\reflection.cpp, line 1121]
Event: 30.852 Thread 0x00000177c1b3b160 Exception <a 'java/lang/NoSuchMethodError'{0x00000000c4e48788}: 'java.lang.Object java.lang.invoke.DirectMethodHandle$Holder.invokeInterface(java.lang.Object, java.lang.Object, java.lang.Object, java.lang.Object)'> (0x00000000c4e48788) 
thrown [s\src\hotspot\share\interpreter\linkResolver.cpp, line 759]
Event: 30.874 Thread 0x00000177c1b3b160 Exception <a 'java/lang/NoSuchMethodError'{0x00000000c4e64ee0}: 'java.lang.Object java.lang.invoke.DirectMethodHandle$Holder.newInvokeSpecial(java.lang.Object, java.lang.Object, java.lang.Object, java.lang.Object, int)'> (0x00000000c4e64ee0) 
thrown [s\src\hotspot\share\interpreter\linkResolver.cpp, line 759]
Event: 30.875 Thread 0x00000177c1b3b160 Exception <a 'java/lang/NoSuchMethodError'{0x00000000c4e696b0}: 'java.lang.Object java.lang.invoke.DirectMethodHandle$Holder.invokeSpecial(java.lang.Object, java.lang.Object, java.lang.Object, java.lang.Object, java.lang.Object, int)'> (0x00000000c4e696b0) 
thrown [s\src\hotspot\share\interpreter\linkResolver.cpp, line 759]
Event: 30.877 Thread 0x00000177c1b3b160 Exception <a 'java/lang/NoSuchMethodError'{0x00000000c4e6d640}: 'java.lang.Object java.lang.invoke.Invokers$Holder.linkToTargetMethod(java.lang.Object, java.lang.Object, java.lang.Object, int, java.lang.Object)'> (0x00000000c4e6d640) 
thrown [s\src\hotspot\share\interpreter\linkResolver.cpp, line 759]
Event: 30.920 Thread 0x00000177c1b3b160 Exception <a 'java/lang/NoSuchMethodError'{0x00000000c4e9ef38}: 'java.lang.Object java.lang.invoke.DirectMethodHandle$Holder.invokeInterface(java.lang.Object, java.lang.Object, java.lang.Object, java.lang.Object, java.lang.Object)'> (0x00000000c4e9ef38) 
thrown [s\src\hotspot\share\interpreter\linkResolver.cpp, line 759]
Event: 30.921 Thread 0x00000177c1b3b160 Exception <a 'java/lang/IncompatibleClassChangeError'{0x00000000c4ea2d30}: Found class java.lang.Object, but interface was expected> (0x00000000c4ea2d30) 
thrown [s\src\hotspot\share\interpreter\linkResolver.cpp, line 826]
Event: 31.871 Thread 0x00000177c1b3b160 Exception <a 'java/lang/IncompatibleClassChangeError'{0x00000000c4a0acb8}: Found class java.lang.Object, but interface was expected> (0x00000000c4a0acb8) 
thrown [s\src\hotspot\share\interpreter\linkResolver.cpp, line 826]
Event: 31.985 Thread 0x00000177c1b3b160 Exception <a 'sun/nio/fs/WindowsException'{0x00000000c4a549b8}> (0x00000000c4a549b8) 
thrown [s\src\hotspot\share\prims\jni.cpp, line 516]
Event: 32.481 Thread 0x00000177c1b3b160 Implicit null exception at 0x00000177d117efaa to 0x00000177d117f224
Event: 32.578 Thread 0x00000177c1b3b160 Exception <a 'java/lang/NoSuchMethodError'{0x00000000c49f8f70}: 'java.lang.Object java.lang.invoke.DirectMethodHandle$Holder.invokeSpecial(java.lang.Object, java.lang.Object, java.lang.Object, java.lang.Object, java.lang.Object, java.lang.Object, int)'> (0x00000000c49f8f70) 
thrown [s\src\hotspot\share\interpreter\linkResolver.cpp, line 759]
Event: 32.582 Thread 0x00000177c1b3b160 Exception <a 'java/lang/NoSuchMethodError'{0x00000000c4803fb8}: 'java.lang.Object java.lang.invoke.DirectMethodHandle$Holder.newInvokeSpecial(java.lang.Object, java.lang.Object, java.lang.Object, java.lang.Object, java.lang.Object, java.lang.Object, int)'> (0x00000000c4803fb8) 
thrown [s\src\hotspot\share\interpreter\linkResolver.cpp, line 759]
Event: 32.583 Thread 0x00000177c1b3b160 Exception <a 'java/lang/NoSuchMethodError'{0x00000000c4809548}: 'java.lang.Object java.lang.invoke.DirectMethodHandle$Holder.invokeSpecial(java.lang.Object, java.lang.Object, java.lang.Object, java.lang.Object, java.lang.Object, java.lang.Object, java.lang.Object, int)'> (0x00000000c4809548) 
thrown [s\src\hotspot\share\interpreter\linkResolver.cpp, line 759]
Event: 32.951 Thread 0x00000177c1b3b160 Implicit null exception at 0x00000177d11f2918 to 0x00000177d11f5adc
Event: 33.191 Thread 0x00000177c1b3b160 Exception <a 'java/lang/NoSuchMethodError'{0x00000000c4751850}: 'void java.lang.invoke.DirectMethodHandle$Holder.invokeStatic(java.lang.Object, java.lang.Object, java.lang.Object, java.lang.Object, java.lang.Object, java.lang.Object)'> (0x00000000c4751850) 
thrown [s\src\hotspot\share\interpreter\linkResolver.cpp, line 759]
Event: 35.377 Thread 0x00000177c1b3b160 Exception <a 'java/lang/NoSuchMethodError'{0x00000000c4067318}: 'java.lang.Object java.lang.invoke.DirectMethodHandle$Holder.invokeSpecial(java.lang.Object, java.lang.Object, java.lang.Object, int, java.lang.Object)'> (0x00000000c4067318) 
thrown [s\src\hotspot\share\interpreter\linkResolver.cpp, line 759]
Event: 35.388 Thread 0x00000177c1b3b160 Exception <a 'java/lang/NoSuchMethodError'{0x00000000c406f998}: 'java.lang.Object java.lang.invoke.DirectMethodHandle$Holder.newInvokeSpecial(java.lang.Object, java.lang.Object, java.lang.Object, int, java.lang.Object)'> (0x00000000c406f998) 
thrown [s\src\hotspot\share\interpreter\linkResolver.cpp, line 759]
Event: 35.391 Thread 0x00000177c1b3b160 Exception <a 'java/lang/NoSuchMethodError'{0x00000000c40774e8}: 'java.lang.Object java.lang.invoke.Invokers$Holder.linkToTargetMethod(java.lang.Object, java.lang.Object, int, java.lang.Object, java.lang.Object)'> (0x00000000c40774e8) 
thrown [s\src\hotspot\share\interpreter\linkResolver.cpp, line 759]
Event: 35.500 Thread 0x00000177c1b3b160 Exception <a 'java/lang/NoSuchMethodError'{0x00000000c4086fb8}: 'java.lang.Object java.lang.invoke.DirectMethodHandle$Holder.newInvokeSpecial(java.lang.Object, int, java.lang.Object)'> (0x00000000c4086fb8) 
thrown [s\src\hotspot\share\interpreter\linkResolver.cpp, line 759]

VM Operations (20 events):
Event: 28.582 Executing VM operation: HandshakeAllThreads
Event: 28.582 Executing VM operation: HandshakeAllThreads done
Event: 29.587 Executing VM operation: Cleanup
Event: 29.588 Executing VM operation: Cleanup done
Event: 30.596 Executing VM operation: Cleanup
Event: 30.614 Executing VM operation: Cleanup done
Event: 30.959 Executing VM operation: HandshakeAllThreads
Event: 30.959 Executing VM operation: HandshakeAllThreads done
Event: 31.968 Executing VM operation: Cleanup
Event: 31.968 Executing VM operation: Cleanup done
Event: 32.975 Executing VM operation: Cleanup
Event: 33.014 Executing VM operation: Cleanup done
Event: 33.394 Executing VM operation: HandshakeAllThreads
Event: 33.394 Executing VM operation: HandshakeAllThreads done
Event: 34.413 Executing VM operation: Cleanup
Event: 34.508 Executing VM operation: Cleanup done
Event: 35.019 Executing VM operation: HandshakeAllThreads
Event: 35.019 Executing VM operation: HandshakeAllThreads done
Event: 36.020 Executing VM operation: Cleanup
Event: 36.069 Executing VM operation: Cleanup done

Events (20 events):
Event: 34.186 loading class java/io/PushbackInputStream
Event: 34.187 loading class java/io/PushbackInputStream done
Event: 34.605 loading class java/nio/charset/CharacterCodingException
Event: 34.606 loading class java/nio/charset/CharacterCodingException done
Event: 34.964 loading class java/util/TreeMap$DescendingSubMap
Event: 34.966 loading class java/util/TreeMap$NavigableSubMap
Event: 34.970 loading class java/util/TreeMap$NavigableSubMap done
Event: 34.970 loading class java/util/TreeMap$DescendingSubMap done
Event: 34.971 loading class java/util/TreeMap$NavigableSubMap$DescendingSubMapKeyIterator
Event: 34.973 loading class java/util/TreeMap$NavigableSubMap$SubMapIterator
Event: 34.975 loading class java/util/TreeMap$NavigableSubMap$SubMapIterator done
Event: 34.975 loading class java/util/TreeMap$NavigableSubMap$DescendingSubMapKeyIterator done
Event: 35.199 loading class sun/reflect/generics/scope/ConstructorScope
Event: 35.200 loading class sun/reflect/generics/scope/ConstructorScope done
Event: 35.200 loading class sun/reflect/generics/repository/ConstructorRepository
Event: 35.200 loading class sun/reflect/generics/repository/ConstructorRepository done
Event: 35.201 loading class sun/reflect/generics/tree/VoidDescriptor
Event: 35.201 loading class sun/reflect/generics/tree/VoidDescriptor done
Event: 35.201 loading class sun/reflect/generics/tree/MethodTypeSignature
Event: 35.202 loading class sun/reflect/generics/tree/MethodTypeSignature done


Dynamic libraries:
0x00007ff76ed30000 - 0x00007ff76ed3e000 	C:\Users\Dell\.jdks\corretto-17.0.10\bin\java.exe
0x00007ffe43e50000 - 0x00007ffe44048000 	C:\Windows\SYSTEM32\ntdll.dll
0x00007ffe43c10000 - 0x00007ffe43ccd000 	C:\Windows\System32\KERNEL32.DLL
0x00007ffe41770000 - 0x00007ffe41a66000 	C:\Windows\System32\KERNELBASE.dll
0x00007ffe41670000 - 0x00007ffe41770000 	C:\Windows\System32\ucrtbase.dll
0x00007ffe37c90000 - 0x00007ffe37ca7000 	C:\Users\Dell\.jdks\corretto-17.0.10\bin\jli.dll
0x00007ffe42f20000 - 0x00007ffe430be000 	C:\Windows\System32\USER32.dll
0x00007ffe41560000 - 0x00007ffe41582000 	C:\Windows\System32\win32u.dll
0x00007ffe437e0000 - 0x00007ffe4380b000 	C:\Windows\System32\GDI32.dll
0x00007ffe41ae0000 - 0x00007ffe41bf7000 	C:\Windows\System32\gdi32full.dll
0x00007ffe41df0000 - 0x00007ffe41e8d000 	C:\Windows\System32\msvcp_win.dll
0x00007ffe37c70000 - 0x00007ffe37c8b000 	C:\Users\Dell\.jdks\corretto-17.0.10\bin\VCRUNTIME140.dll
0x00007ffe34e80000 - 0x00007ffe3511a000 	C:\Windows\WinSxS\amd64_microsoft.windows.common-controls_6595b64144ccf1df_6.0.19041.3636_none_60b6a03d71f818d5\COMCTL32.dll
0x00007ffe42870000 - 0x00007ffe4290e000 	C:\Windows\System32\msvcrt.dll
0x00007ffe437a0000 - 0x00007ffe437d2000 	C:\Windows\System32\IMM32.DLL
0x00007ffe3ab80000 - 0x00007ffe3ab8c000 	C:\Users\Dell\.jdks\corretto-17.0.10\bin\vcruntime140_1.dll
0x00007ffe16c50000 - 0x00007ffe16cdd000 	C:\Users\Dell\.jdks\corretto-17.0.10\bin\msvcp140.dll
0x00007ffe15fe0000 - 0x00007ffe16c42000 	C:\Users\Dell\.jdks\corretto-17.0.10\bin\server\jvm.dll
0x00007ffe43b50000 - 0x00007ffe43c03000 	C:\Windows\System32\ADVAPI32.dll
0x00007ffe430c0000 - 0x00007ffe4315f000 	C:\Windows\System32\sechost.dll
0x00007ffe41ff0000 - 0x00007ffe42116000 	C:\Windows\System32\RPCRT4.dll
0x00007ffe41590000 - 0x00007ffe415b7000 	C:\Windows\System32\bcrypt.dll
0x00007ffe40a20000 - 0x00007ffe40a6b000 	C:\Windows\SYSTEM32\POWRPROF.dll
0x00007ffe35210000 - 0x00007ffe35237000 	C:\Windows\SYSTEM32\WINMM.dll
0x00007ffe35250000 - 0x00007ffe3525a000 	C:\Windows\SYSTEM32\VERSION.dll
0x00007ffe3b550000 - 0x00007ffe3b559000 	C:\Windows\SYSTEM32\WSOCK32.dll
0x00007ffe43160000 - 0x00007ffe431cb000 	C:\Windows\System32\WS2_32.dll
0x00007ffe408e0000 - 0x00007ffe408f2000 	C:\Windows\SYSTEM32\UMPDC.dll
0x00007ffe3f380000 - 0x00007ffe3f392000 	C:\Windows\SYSTEM32\kernel.appcore.dll
0x00007ffe38fa0000 - 0x00007ffe38faa000 	C:\Users\Dell\.jdks\corretto-17.0.10\bin\jimage.dll
0x00007ffe2c8f0000 - 0x00007ffe2cad4000 	C:\Windows\SYSTEM32\DBGHELP.DLL
0x00007ffe2c160000 - 0x00007ffe2c194000 	C:\Windows\SYSTEM32\dbgcore.DLL
0x00007ffe41c00000 - 0x00007ffe41c82000 	C:\Windows\System32\bcryptPrimitives.dll
0x00007ffe37c40000 - 0x00007ffe37c65000 	C:\Users\Dell\.jdks\corretto-17.0.10\bin\java.dll
0x00007ffe15f00000 - 0x00007ffe15fd7000 	C:\Users\Dell\.jdks\corretto-17.0.10\bin\jsvml.dll
0x00007ffe42120000 - 0x00007ffe42865000 	C:\Windows\System32\SHELL32.dll
0x00007ffe3f580000 - 0x00007ffe3fd1c000 	C:\Windows\SYSTEM32\windows.storage.dll
0x00007ffe43360000 - 0x00007ffe436b4000 	C:\Windows\System32\combase.dll
0x00007ffe40e60000 - 0x00007ffe40e8e000 	C:\Windows\SYSTEM32\Wldp.dll
0x00007ffe436c0000 - 0x00007ffe4378d000 	C:\Windows\System32\OLEAUT32.dll
0x00007ffe43d60000 - 0x00007ffe43e0d000 	C:\Windows\System32\SHCORE.dll
0x00007ffe42910000 - 0x00007ffe42965000 	C:\Windows\System32\shlwapi.dll
0x00007ffe41440000 - 0x00007ffe41465000 	C:\Windows\SYSTEM32\profapi.dll
0x00007ffe37c20000 - 0x00007ffe37c39000 	C:\Users\Dell\.jdks\corretto-17.0.10\bin\net.dll
0x00007ffe36560000 - 0x00007ffe3666a000 	C:\Windows\SYSTEM32\WINHTTP.dll
0x00007ffe40c40000 - 0x00007ffe40caa000 	C:\Windows\system32\mswsock.dll
0x00007ffe37c00000 - 0x00007ffe37c16000 	C:\Users\Dell\.jdks\corretto-17.0.10\bin\nio.dll
0x00007ffe37b90000 - 0x00007ffe37ba8000 	C:\Users\Dell\.jdks\corretto-17.0.10\bin\zip.dll
0x00007ffe3cee0000 - 0x00007ffe3cee9000 	C:\Users\Dell\.jdks\corretto-17.0.10\bin\management.dll
0x00007ffe3ceb0000 - 0x00007ffe3cebb000 	C:\Users\Dell\.jdks\corretto-17.0.10\bin\management_ext.dll
0x00007ffe432f0000 - 0x00007ffe432f8000 	C:\Windows\System32\PSAPI.DLL

dbghelp: loaded successfully - version: 4.0.5 - missing functions: none
symbol engine: initialized successfully - sym options: 0x614 - pdb path: .;C:\Users\Dell\.jdks\corretto-17.0.10\bin;C:\Windows\SYSTEM32;C:\Windows\WinSxS\amd64_microsoft.windows.common-controls_6595b64144ccf1df_6.0.19041.3636_none_60b6a03d71f818d5;C:\Users\Dell\.jdks\corretto-17.0.10\bin\server

VM Arguments:
java_command: C:\Users\Dell\AppData\Local\Temp\surefire7595136397546790076\surefirebooter-20240707205350095_3.jar C:\Users\Dell\AppData\Local\Temp\surefire7595136397546790076 2024-07-07T20-53-44_287-jvmRun1 surefire-20240707205350095_1tmp surefire_0-20240707205350095_2tmp
java_class_path (initial): C:\Users\Dell\AppData\Local\Temp\surefire7595136397546790076\surefirebooter-20240707205350095_3.jar
Launcher Type: SUN_STANDARD

[Global flags]
     intx CICompilerCount                          = 3                                         {product} {ergonomic}
     uint ConcGCThreads                            = 1                                         {product} {ergonomic}
     uint G1ConcRefinementThreads                  = 4                                         {product} {ergonomic}
   size_t G1HeapRegionSize                         = 1048576                                   {product} {ergonomic}
    uintx GCDrainStackTargetSize                   = 64                                        {product} {ergonomic}
   size_t InitialHeapSize                          = 67108864                                  {product} {ergonomic}
   size_t MarkStackSize                            = 4194304                                   {product} {ergonomic}
   size_t MaxHeapSize                              = 1048576000                                {product} {ergonomic}
   size_t MaxNewSize                               = 629145600                                 {product} {ergonomic}
   size_t MinHeapDeltaBytes                        = 1048576                                   {product} {ergonomic}
   size_t MinHeapSize                              = 8388608                                   {product} {ergonomic}
    uintx NonNMethodCodeHeapSize                   = 5832780                                {pd product} {ergonomic}
    uintx NonProfiledCodeHeapSize                  = 122912730                              {pd product} {ergonomic}
    uintx ProfiledCodeHeapSize                     = 122912730                              {pd product} {ergonomic}
    uintx ReservedCodeCacheSize                    = 251658240                              {pd product} {ergonomic}
     bool SegmentedCodeCache                       = true                                      {product} {ergonomic}
   size_t SoftMaxHeapSize                          = 1048576000                             {manageable} {ergonomic}
     bool UseCompressedClassPointers               = true                           {product lp64_product} {ergonomic}
     bool UseCompressedOops                        = true                           {product lp64_product} {ergonomic}
     bool UseG1GC                                  = true                                      {product} {ergonomic}
     bool UseLargePagesIndividualAllocation        = false                                  {pd product} {ergonomic}

Logging:
Log output configuration:
 #0: stdout all=warning uptime,level,tags
 #1: stderr all=off uptime,level,tags

Environment Variables:
PATH=C:\Program Files\Common Files\Oracle\Java\javapath;C:\Windows\system32;C:\Windows;C:\Windows\System32\Wbem;C:\Windows\System32\WindowsPowerShell\v1.0\;C:\Windows\System32\OpenSSH\;C:\Program Files\Docker\Docker\resources\bin;C:\Program Files\dotnet\;C:\Program Files\Git\cmd;C:\Program Files\Java\jdk-17\bin;C:\Users\Dell\AppData\Local\Microsoft\WindowsApps;C:\Users\Dell\AppData\Local\Programs\Microsoft VS Code\bin;C:\Windows\SysWOW64;C:\Program Files\Java\jdk-17\bin;
USERNAME=Dell
OS=Windows_NT
PROCESSOR_IDENTIFIER=Intel64 Family 6 Model 69 Stepping 1, GenuineIntel
TMP=C:\Users\Dell\AppData\Local\Temp
TEMP=C:\Users\Dell\AppData\Local\Temp



Periodic native trim disabled


---------------  S Y S T E M  ---------------

OS:
 Windows 10 , 64 bit Build 19041 (10.0.19041.3636)
OS uptime: 0 days 2:10 hours
Hyper-V role detected

CPU: total 4 (initial active 4) (2 cores per cpu, 2 threads per core) family 6 model 69 stepping 1 microcode 0x25, cx8, cmov, fxsr, ht, mmx, sse, sse2, sse3, ssse3, sse4.1, sse4.2, popcnt, lzcnt, tsc, tscinvbit, avx, avx2, aes, erms, clmul, bmi1, bmi2, fma, vzeroupper, clflush, hv
Processor Information for all 4 processors :
  Max Mhz: 1700, Current Mhz: 1700, Mhz Limit: 1700

Memory: 4k page, system-wide physical 3999M (181M free)
TotalPageFile size 16287M (AvailPageFile size 33M)
current process WorkingSet (physical memory assigned to process): 105M, peak: 105M
current process commit charge ("private bytes"): 172M, peak: 174M

vm_info: OpenJDK 64-Bit Server VM (17.0.10+7-LTS) for windows-amd64 JRE (17.0.10+7-LTS), built on Jan 10 2024 22:11:07 by "Administrator" with MS VC++ 16.10 / 16.11 (VS2019)

END.
